<?xml version="1.0" encoding="UTF-8"?>
<testng-results skipped="0" failed="1" ignored="0" total="2" passed="1">
  <reporter-output>
  </reporter-output>
  <suite name="TestListener" duration-ms="181753" started-at="2018-08-23T09:53:43Z" finished-at="2018-08-23T09:56:45Z">
    <groups>
      <group name="cucumber">
        <method signature="AbstractTestNGCucumberTests.feature(cucumber.api.testng.CucumberFeatureWrapper)[pri:0, instance:com.serenity.test.Runner.TestRunner@64bf3bbf]" name="feature" class="cucumber.api.testng.AbstractTestNGCucumberTests"/>
      </group> <!-- cucumber -->
    </groups>
    <test name="Test" duration-ms="181753" started-at="2018-08-23T09:53:43Z" finished-at="2018-08-23T09:56:45Z">
      <class name="com.serenity.test.Runner.TestRunner">
        <test-method status="PASS" signature="setUpClass()[pri:0, instance:com.serenity.test.Runner.TestRunner@64bf3bbf]" name="setUpClass" is-config="true" duration-ms="140" started-at="2018-08-23T09:53:43Z" finished-at="2018-08-23T09:53:43Z">
          <reporter-output>
          </reporter-output>
        </test-method> <!-- setUpClass -->
        <test-method status="PASS" signature="feature(cucumber.api.testng.CucumberFeatureWrapper)[pri:0, instance:com.serenity.test.Runner.TestRunner@64bf3bbf]" name="feature" duration-ms="88481" started-at="2018-08-23T09:53:44Z" description="Runs Cucumber Feature" data-provider="features" finished-at="2018-08-23T09:55:12Z">
          <params>
            <param index="0">
              <value>
                <![CDATA[Cleartrip Flight Reservation]]>
              </value>
            </param>
          </params>
          <reporter-output>
          </reporter-output>
        </test-method> <!-- feature -->
        <test-method status="FAIL" signature="feature(cucumber.api.testng.CucumberFeatureWrapper)[pri:0, instance:com.serenity.test.Runner.TestRunner@64bf3bbf]" name="feature" duration-ms="92886" started-at="2018-08-23T09:55:12Z" description="Runs Cucumber Feature" data-provider="features" finished-at="2018-08-23T09:56:45Z">
          <params>
            <param index="0">
              <value>
                <![CDATA[Cleartrip Flight Reservation 2]]>
              </value>
            </param>
          </params>
          <exception class="cucumber.runtime.CucumberException">
            <message>
              <![CDATA[org.openqa.selenium.NoSuchFrameException: No frame element found by name or id modal_window
Build info: version: '3.7.0', revision: '2321c73', time: '2017-11-02T22:22:35.584Z'
System info: host: 'EPINPUNW0036', ip: '10.22.94.56', os.name: 'Windows 10', os.arch: 'amd64', os.version: '10.0', java.version: '1.8.0_161'
Driver info: driver.version: unknown]]>
            </message>
            <full-stacktrace>
              <![CDATA[cucumber.runtime.CucumberException: org.openqa.selenium.NoSuchFrameException: No frame element found by name or id modal_window
Build info: version: '3.7.0', revision: '2321c73', time: '2017-11-02T22:22:35.584Z'
System info: host: 'EPINPUNW0036', ip: '10.22.94.56', os.name: 'Windows 10', os.arch: 'amd64', os.version: '10.0', java.version: '1.8.0_161'
Driver info: driver.version: unknown
at cucumber.api.testng.TestNGCucumberRunner.runCucumber(TestNGCucumberRunner.java:69)
at cucumber.api.testng.AbstractTestNGCucumberTests.feature(AbstractTestNGCucumberTests.java:21)
at sun.reflect.NativeMethodAccessorImpl.invoke0(Native Method)
at sun.reflect.NativeMethodAccessorImpl.invoke(Unknown Source)
at sun.reflect.DelegatingMethodAccessorImpl.invoke(Unknown Source)
at java.lang.reflect.Method.invoke(Unknown Source)
at org.testng.internal.MethodInvocationHelper.invokeMethod(MethodInvocationHelper.java:124)
at org.testng.internal.Invoker.invokeMethod(Invoker.java:580)
at org.testng.internal.Invoker.invokeTestMethod(Invoker.java:716)
at org.testng.internal.Invoker.invokeTestMethods(Invoker.java:988)
at org.testng.internal.TestMethodWorker.invokeTestMethods(TestMethodWorker.java:125)
at org.testng.internal.TestMethodWorker.run(TestMethodWorker.java:109)
at org.testng.TestRunner.privateRun(TestRunner.java:648)
at org.testng.TestRunner.run(TestRunner.java:505)
at org.testng.SuiteRunner.runTest(SuiteRunner.java:455)
at org.testng.SuiteRunner.runSequentially(SuiteRunner.java:450)
at org.testng.SuiteRunner.privateRun(SuiteRunner.java:415)
at org.testng.SuiteRunner.run(SuiteRunner.java:364)
at org.testng.SuiteRunnerWorker.runSuite(SuiteRunnerWorker.java:52)
at org.testng.SuiteRunnerWorker.run(SuiteRunnerWorker.java:84)
at org.testng.TestNG.runSuitesSequentially(TestNG.java:1208)
at org.testng.TestNG.runSuitesLocally(TestNG.java:1137)
at org.testng.TestNG.runSuites(TestNG.java:1049)
at org.testng.TestNG.run(TestNG.java:1017)
at org.testng.remote.AbstractRemoteTestNG.run(AbstractRemoteTestNG.java:114)
at org.testng.remote.RemoteTestNG.initAndRun(RemoteTestNG.java:251)
at org.testng.remote.RemoteTestNG.main(RemoteTestNG.java:77)
Caused by: org.openqa.selenium.NoSuchFrameException: No frame element found by name or id modal_window
Build info: version: '3.7.0', revision: '2321c73', time: '2017-11-02T22:22:35.584Z'
System info: host: 'EPINPUNW0036', ip: '10.22.94.56', os.name: 'Windows 10', os.arch: 'amd64', os.version: '10.0', java.version: '1.8.0_161'
Driver info: driver.version: unknown
at org.openqa.selenium.remote.RemoteWebDriver$RemoteTargetLocator.frame(RemoteWebDriver.java:939)
at com.serenity.test.pages.ReviewDetailsPage.addBaggage(ReviewDetailsPage.java:142)
at com.serenity.test.stepDefinition.stepDefinition.User_should_be_able_to_add_Flight_Details(stepDefinition.java:88)
at âœ½.And User should be able to add Flight Details(TestCases2.feature:10)
]]>
            </full-stacktrace>
          </exception> <!-- cucumber.runtime.CucumberException -->
          <reporter-output>
          </reporter-output>
        </test-method> <!-- feature -->
        <test-method status="PASS" signature="wrieExtentReport()[pri:0, instance:com.serenity.test.Runner.TestRunner@64bf3bbf]" name="wrieExtentReport" is-config="true" duration-ms="8" started-at="2018-08-23T09:56:45Z" finished-at="2018-08-23T09:56:45Z">
          <reporter-output>
          </reporter-output>
        </test-method> <!-- wrieExtentReport -->
        <test-method status="PASS" signature="tearDownClass()[pri:0, instance:com.serenity.test.Runner.TestRunner@64bf3bbf]" name="tearDownClass" is-config="true" duration-ms="175" started-at="2018-08-23T09:56:45Z" finished-at="2018-08-23T09:56:45Z">
          <reporter-output>
          </reporter-output>
        </test-method> <!-- tearDownClass -->
      </class> <!-- com.serenity.test.Runner.TestRunner -->
    </test> <!-- Test -->
  </suite> <!-- TestListener -->
</testng-results>
